1 68 107 161
2 8 17 43
3 132 173 174
4 45 101 155
5 4 159 218
6 239 417 473
7 304 334 377
8 33 61 65
9 3 122 135
10 121 152 172
11 18 22 24
12 145 209 243
13 53 72 345
14 47 125 179
15 113 189 288
16 12 23 50
17 110 117 129
18 16 29 140
19 148 217 283
20 147 187 207
21 49 73 114
22 27 133 157
23 87 190 196
24 2 11 31
25 160 289 400
26 201 219 262
27 9 46 63
28 136 150 197
29 40 54 137
30 69 88 95
1 60 127 142
2 20 205 228
3 98 143 154
4 10 246 252
5 30 58 99
6 67 77 144
7 59 83 223
8 238 328 440
9 48 104 168
10 330 476 482
11 13 55 56
12 7 75 80
13 66 81 151
14 14 44 164
15 1 37 38
16 34 35 57
17 28 62 103
18 15 39 71
19 76 93 100
20 94 134 141
21 64 320 370
22 51 97 278
23 184 303 532
24 36 191 198
25 19 85 274
26 41 90 181
27 6 25 26
28 32 52 86
29 5 313 323
30 21 128 163
